<?xml version="1.0" encoding="UTF-8"?>
<testng-results ignored="0" total="1" passed="1" failed="0" skipped="0">
  <reporter-output>
  </reporter-output>
  <suite started-at="2023-08-01T20:11:03 IST" name="Default suite" finished-at="2023-08-01T20:11:03 IST" duration-ms="84">
    <groups>
    </groups>
    <test started-at="2023-08-01T20:11:03 IST" name="Default test" finished-at="2023-08-01T20:11:03 IST" duration-ms="84">
      <class name="vtiger_practice.ReadDataFromCmdLineTest">
        <test-method signature="readi()[pri:0, instance:vtiger_practice.ReadDataFromCmdLineTest@6da21078]" started-at="2023-08-01T20:11:03 IST" name="readi" finished-at="2023-08-01T20:11:03 IST" duration-ms="16" status="PASS">
          <reporter-output>
          </reporter-output>
        </test-method> <!-- readi -->
      </class> <!-- vtiger_practice.ReadDataFromCmdLineTest -->
    </test> <!-- Default test -->
  </suite> <!-- Default suite -->
</testng-results>
